<?xml version="1.0" encoding="UTF-8"?>
<!-- Generated by org.testng.reporters.JUnitReportReporter -->
<testsuite hostname="Gökçe" failures="0" tests="2" name="timberworld.tests.SubmitOrderTest" time="8.461" errors="0" timestamp="20 Jun 2024 11:55:37 GMT" skipped="0">
  <testcase classname="timberworld.tests.SubmitOrderTest" name="submitOrder" time="4.533"/>
  <testcase classname="timberworld.tests.SubmitOrderTest" name="submitOrder" time="3.928"/>
</testsuite> <!-- timberworld.tests.SubmitOrderTest -->
