<?xml version="1.0" encoding="UTF-8"?>
<!-- Generated by org.testng.reporters.JUnitReportReporter -->
<testsuite hostname="Gökçe" failures="0" tests="3" name="timberworld.tests.SubmitOrderTest" time="35.589" errors="0" timestamp="06 May 2024 12:06:55 GMT" skipped="1">
  <testcase classname="timberworld.tests.SubmitOrderTest" name="submitOrder" time="3.573"/>
  <testcase classname="timberworld.tests.SubmitOrderTest" name="submitOrder" time="27.714">
    <skipped/>
  </testcase> <!-- submitOrder -->
  <testcase classname="timberworld.tests.SubmitOrderTest" name="submitOrder" time="4.302"/>
</testsuite> <!-- timberworld.tests.SubmitOrderTest -->
