<?xml version="1.0" encoding="UTF-8"?>
<!-- Generated by org.testng.reporters.JUnitReportReporter -->
<testsuite hostname="Gökçe" failures="0" tests="1" name="timberworld.tests.ErrorValidation2Test" time="7.020" errors="0" timestamp="07 May 2024 10:48:17 GMT" skipped="0">
  <testcase classname="timberworld.tests.ErrorValidation2Test" name="ErrorValidation2" time="7.020"/>
</testsuite> <!-- timberworld.tests.ErrorValidation2Test -->
