<?xml version="1.0" encoding="UTF-8"?>
<!-- Generated by org.testng.reporters.JUnitReportReporter -->
<testsuite hostname="Gökçe" failures="0" tests="1" name="timberworld.tests.ErrorValidationTest" time="2.820" errors="0" timestamp="20 Jun 2024 11:55:37 GMT" skipped="0">
  <testcase classname="timberworld.tests.ErrorValidationTest" name="ErrorValidation" time="2.820"/>
</testsuite> <!-- timberworld.tests.ErrorValidationTest -->
