<?xml version="1.0" encoding="UTF-8"?>
<!-- Generated by org.testng.reporters.JUnitReportReporter -->
<testsuite hostname="Gökçe" failures="0" tests="2" name="timberworld.tests.SubmitOrderTest" time="8.245" errors="0" timestamp="07 May 2024 12:06:43 GMT" skipped="0">
  <testcase classname="timberworld.tests.SubmitOrderTest" name="submitOrder" time="3.970"/>
  <testcase classname="timberworld.tests.SubmitOrderTest" name="submitOrder" time="4.275"/>
</testsuite> <!-- timberworld.tests.SubmitOrderTest -->
