<?xml version="1.0" encoding="UTF-8"?>
<!-- Generated by org.testng.reporters.JUnitReportReporter -->
<testsuite hostname="Gökçe" failures="0" tests="1" name="timberworld.tests.SubmitOrder2Test" time="7.166" errors="0" timestamp="20 Jun 2024 11:55:37 GMT" skipped="0">
  <testcase classname="timberworld.tests.SubmitOrder2Test" name="SubmitOrder2" time="7.166"/>
</testsuite> <!-- timberworld.tests.SubmitOrder2Test -->
