<?xml version="1.0" encoding="UTF-8"?>
<!-- Generated by org.testng.reporters.JUnitReportReporter -->
<testsuite hostname="Gökçe" failures="0" tests="1" name="timberworld.tests.ErrorValidationTest" time="2.564" errors="0" timestamp="2024-05-06T13:33:46 CEST" skipped="0">
  <testcase classname="timberworld.tests.ErrorValidationTest" name="ErrorValidation" time="2.564"/>
</testsuite> <!-- timberworld.tests.ErrorValidationTest -->
